Determining if the pthread_create exist failed with the following output:
Change Dir: /home/hallvard/catkin_ws/build/CMakeFiles/CMakeTmp

Run Build Command:"/usr/bin/make" "cmTC_09895/fast"
/usr/bin/make -f CMakeFiles/cmTC_09895.dir/build.make CMakeFiles/cmTC_09895.dir/build
make[1]: Entering directory '/home/hallvard/catkin_ws/build/CMakeFiles/CMakeTmp'
Building C object CMakeFiles/cmTC_09895.dir/CheckSymbolExists.c.o
/usr/bin/cc     -o CMakeFiles/cmTC_09895.dir/CheckSymbolExists.c.o   -c /home/hallvard/catkin_ws/build/CMakeFiles/CMakeTmp/CheckSymbolExists.c
Linking C executable cmTC_09895
/usr/bin/cmake -E cmake_link_script CMakeFiles/cmTC_09895.dir/link.txt --verbose=1
/usr/bin/cc       CMakeFiles/cmTC_09895.dir/CheckSymbolExists.c.o  -o cmTC_09895 -rdynamic 
CMakeFiles/cmTC_09895.dir/CheckSymbolExists.c.o: In function `main':
CheckSymbolExists.c:(.text+0x16): undefined reference to `pthread_create'
collect2: error: ld returned 1 exit status
CMakeFiles/cmTC_09895.dir/build.make:97: recipe for target 'cmTC_09895' failed
make[1]: *** [cmTC_09895] Error 1
make[1]: Leaving directory '/home/hallvard/catkin_ws/build/CMakeFiles/CMakeTmp'
Makefile:126: recipe for target 'cmTC_09895/fast' failed
make: *** [cmTC_09895/fast] Error 2

File /home/hallvard/catkin_ws/build/CMakeFiles/CMakeTmp/CheckSymbolExists.c:
/* */
#include <pthread.h>

int main(int argc, char** argv)
{
  (void)argv;
#ifndef pthread_create
  return ((int*)(&pthread_create))[argc];
#else
  (void)argc;
  return 0;
#endif
}

Determining if the function pthread_create exists in the pthreads failed with the following output:
Change Dir: /home/hallvard/catkin_ws/build/CMakeFiles/CMakeTmp

Run Build Command:"/usr/bin/make" "cmTC_2c076/fast"
/usr/bin/make -f CMakeFiles/cmTC_2c076.dir/build.make CMakeFiles/cmTC_2c076.dir/build
make[1]: Entering directory '/home/hallvard/catkin_ws/build/CMakeFiles/CMakeTmp'
Building C object CMakeFiles/cmTC_2c076.dir/CheckFunctionExists.c.o
/usr/bin/cc    -DCHECK_FUNCTION_EXISTS=pthread_create   -o CMakeFiles/cmTC_2c076.dir/CheckFunctionExists.c.o   -c /usr/share/cmake-3.5/Modules/CheckFunctionExists.c
Linking C executable cmTC_2c076
/usr/bin/cmake -E cmake_link_script CMakeFiles/cmTC_2c076.dir/link.txt --verbose=1
/usr/bin/cc   -DCHECK_FUNCTION_EXISTS=pthread_create    CMakeFiles/cmTC_2c076.dir/CheckFunctionExists.c.o  -o cmTC_2c076 -rdynamic -lpthreads 
/usr/bin/ld: cannot find -lpthreads
collect2: error: ld returned 1 exit status
CMakeFiles/cmTC_2c076.dir/build.make:97: recipe for target 'cmTC_2c076' failed
make[1]: *** [cmTC_2c076] Error 1
make[1]: Leaving directory '/home/hallvard/catkin_ws/build/CMakeFiles/CMakeTmp'
Makefile:126: recipe for target 'cmTC_2c076/fast' failed
make: *** [cmTC_2c076/fast] Error 2


Determining if the Q_WS_WIN exist failed with the following output:
Change Dir: /home/hallvard/catkin_ws/build/CMakeFiles/CMakeTmp

Run Build Command:"/usr/bin/make" "cmTC_00b26/fast"
/usr/bin/make -f CMakeFiles/cmTC_00b26.dir/build.make CMakeFiles/cmTC_00b26.dir/build
make[1]: Entering directory '/home/hallvard/catkin_ws/build/CMakeFiles/CMakeTmp'
Building CXX object CMakeFiles/cmTC_00b26.dir/CheckSymbolExists.cxx.o
/usr/bin/c++    -I/usr/include/qt4   -o CMakeFiles/cmTC_00b26.dir/CheckSymbolExists.cxx.o -c /home/hallvard/catkin_ws/build/CMakeFiles/CMakeTmp/CheckSymbolExists.cxx
/home/hallvard/catkin_ws/build/CMakeFiles/CMakeTmp/CheckSymbolExists.cxx: In function ‘int main(int, char**)’:
/home/hallvard/catkin_ws/build/CMakeFiles/CMakeTmp/CheckSymbolExists.cxx:8:19: error: ‘Q_WS_WIN’ was not declared in this scope
   return ((int*)(&Q_WS_WIN))[argc];
                   ^
CMakeFiles/cmTC_00b26.dir/build.make:65: recipe for target 'CMakeFiles/cmTC_00b26.dir/CheckSymbolExists.cxx.o' failed
make[1]: *** [CMakeFiles/cmTC_00b26.dir/CheckSymbolExists.cxx.o] Error 1
make[1]: Leaving directory '/home/hallvard/catkin_ws/build/CMakeFiles/CMakeTmp'
Makefile:126: recipe for target 'cmTC_00b26/fast' failed
make: *** [cmTC_00b26/fast] Error 2

File /home/hallvard/catkin_ws/build/CMakeFiles/CMakeTmp/CheckSymbolExists.cxx:
/* */
#include <QtCore/qglobal.h>

int main(int argc, char** argv)
{
  (void)argv;
#ifndef Q_WS_WIN
  return ((int*)(&Q_WS_WIN))[argc];
#else
  (void)argc;
  return 0;
#endif
}

Determining if the Q_WS_QWS exist failed with the following output:
Change Dir: /home/hallvard/catkin_ws/build/CMakeFiles/CMakeTmp

Run Build Command:"/usr/bin/make" "cmTC_32c48/fast"
/usr/bin/make -f CMakeFiles/cmTC_32c48.dir/build.make CMakeFiles/cmTC_32c48.dir/build
make[1]: Entering directory '/home/hallvard/catkin_ws/build/CMakeFiles/CMakeTmp'
Building CXX object CMakeFiles/cmTC_32c48.dir/CheckSymbolExists.cxx.o
/usr/bin/c++    -I/usr/include/qt4   -o CMakeFiles/cmTC_32c48.dir/CheckSymbolExists.cxx.o -c /home/hallvard/catkin_ws/build/CMakeFiles/CMakeTmp/CheckSymbolExists.cxx
/home/hallvard/catkin_ws/build/CMakeFiles/CMakeTmp/CheckSymbolExists.cxx: In function ‘int main(int, char**)’:
/home/hallvard/catkin_ws/build/CMakeFiles/CMakeTmp/CheckSymbolExists.cxx:8:19: error: ‘Q_WS_QWS’ was not declared in this scope
   return ((int*)(&Q_WS_QWS))[argc];
                   ^
CMakeFiles/cmTC_32c48.dir/build.make:65: recipe for target 'CMakeFiles/cmTC_32c48.dir/CheckSymbolExists.cxx.o' failed
make[1]: *** [CMakeFiles/cmTC_32c48.dir/CheckSymbolExists.cxx.o] Error 1
make[1]: Leaving directory '/home/hallvard/catkin_ws/build/CMakeFiles/CMakeTmp'
Makefile:126: recipe for target 'cmTC_32c48/fast' failed
make: *** [cmTC_32c48/fast] Error 2

File /home/hallvard/catkin_ws/build/CMakeFiles/CMakeTmp/CheckSymbolExists.cxx:
/* */
#include <QtCore/qglobal.h>

int main(int argc, char** argv)
{
  (void)argv;
#ifndef Q_WS_QWS
  return ((int*)(&Q_WS_QWS))[argc];
#else
  (void)argc;
  return 0;
#endif
}

Determining if the Q_WS_MAC exist failed with the following output:
Change Dir: /home/hallvard/catkin_ws/build/CMakeFiles/CMakeTmp

Run Build Command:"/usr/bin/make" "cmTC_a71e1/fast"
/usr/bin/make -f CMakeFiles/cmTC_a71e1.dir/build.make CMakeFiles/cmTC_a71e1.dir/build
make[1]: Entering directory '/home/hallvard/catkin_ws/build/CMakeFiles/CMakeTmp'
Building CXX object CMakeFiles/cmTC_a71e1.dir/CheckSymbolExists.cxx.o
/usr/bin/c++    -I/usr/include/qt4   -o CMakeFiles/cmTC_a71e1.dir/CheckSymbolExists.cxx.o -c /home/hallvard/catkin_ws/build/CMakeFiles/CMakeTmp/CheckSymbolExists.cxx
/home/hallvard/catkin_ws/build/CMakeFiles/CMakeTmp/CheckSymbolExists.cxx: In function ‘int main(int, char**)’:
/home/hallvard/catkin_ws/build/CMakeFiles/CMakeTmp/CheckSymbolExists.cxx:8:19: error: ‘Q_WS_MAC’ was not declared in this scope
   return ((int*)(&Q_WS_MAC))[argc];
                   ^
CMakeFiles/cmTC_a71e1.dir/build.make:65: recipe for target 'CMakeFiles/cmTC_a71e1.dir/CheckSymbolExists.cxx.o' failed
make[1]: *** [CMakeFiles/cmTC_a71e1.dir/CheckSymbolExists.cxx.o] Error 1
make[1]: Leaving directory '/home/hallvard/catkin_ws/build/CMakeFiles/CMakeTmp'
Makefile:126: recipe for target 'cmTC_a71e1/fast' failed
make: *** [cmTC_a71e1/fast] Error 2

File /home/hallvard/catkin_ws/build/CMakeFiles/CMakeTmp/CheckSymbolExists.cxx:
/* */
#include <QtCore/qglobal.h>

int main(int argc, char** argv)
{
  (void)argv;
#ifndef Q_WS_MAC
  return ((int*)(&Q_WS_MAC))[argc];
#else
  (void)argc;
  return 0;
#endif
}

